{"numFailedTestSuites":0,"numFailedTests":0,"numPassedTestSuites":2,"numPassedTests":6,"numPendingTestSuites":0,"numPendingTests":0,"numRuntimeErrorTestSuites":0,"numTodoTests":0,"numTotalTestSuites":2,"numTotalTests":6,"openHandles":[],"snapshot":{"added":0,"didUpdate":false,"failure":false,"filesAdded":0,"filesRemoved":0,"filesRemovedList":[],"filesUnmatched":0,"filesUpdated":0,"matched":0,"total":0,"unchecked":0,"uncheckedKeysByFile":[],"unmatched":0,"updated":0},"startTime":1779001162266,"success":true,"testResults":[{"assertionResults":[{"ancestorTitles":["graphql client"],"duration":1,"failureDetails":[],"failureMessages":[],"fullName":"graphql client returns data on success","invocations":1,"location":null,"numPassingAsserts":1,"retryReasons":[],"status":"passed","title":"returns data on success"},{"ancestorTitles":["graphql client"],"duration":2,"failureDetails":[],"failureMessages":[],"fullName":"graphql client throws the first error message when errors are present","invocations":1,"location":null,"numPassingAsserts":1,"retryReasons":[],"status":"passed","title":"throws the first error message when errors are present"},{"ancestorTitles":["graphql client"],"duration":1,"failureDetails":[],"failureMessages":[],"fullName":"graphql client throws when response has no data and no errors","invocations":1,"location":null,"numPassingAsserts":1,"retryReasons":[],"status":"passed","title":"throws when response has no data and no errors"},{"ancestorTitles":["graphql client"],"duration":0,"failureDetails":[],"failureMessages":[],"fullName":"graphql client posts the query and variables as JSON to the GraphQL endpoint","invocations":1,"location":null,"numPassingAsserts":5,"retryReasons":[],"status":"passed","title":"posts the query and variables as JSON to the GraphQL endpoint"}],"endTime":1779001162487,"message":"","name":"/Users/diegopacheco/git/diegopacheco/ai-playground/pocs/12-rules-template-poc/loan-app/frontend/src/api/client.test.ts","startTime":1779001162402,"status":"passed","summary":""},{"assertionResults":[{"ancestorTitles":["requestAutoLoan"],"duration":1,"failureDetails":[],"failureMessages":[],"fullName":"requestAutoLoan unwraps requestAutoLoan from the GraphQL response","invocations":1,"location":null,"numPassingAsserts":4,"retryReasons":[],"status":"passed","title":"unwraps requestAutoLoan from the GraphQL response"},{"ancestorTitles":["requestAutoLoan"],"duration":0,"failureDetails":[],"failureMessages":[],"fullName":"requestAutoLoan sends input as variables under key \"input\"","invocations":1,"location":null,"numPassingAsserts":2,"retryReasons":[],"status":"passed","title":"sends input as variables under key \"input\""}],"endTime":1779001162507,"message":"","name":"/Users/diegopacheco/git/diegopacheco/ai-playground/pocs/12-rules-template-poc/loan-app/frontend/src/api/mutations.test.ts","startTime":1779001162490,"status":"passed","summary":""}],"wasInterrupted":false}
